<?xml version="1.0" encoding="UTF-8"?>
<testng-results ignored="0" total="1" passed="1" failed="0" skipped="0">
  <reporter-output>
  </reporter-output>
  <suite started-at="2025-09-22T20:26:02 IST" name="Default suite" finished-at="2025-09-22T20:26:32 IST" duration-ms="29594">
    <groups>
    </groups>
    <test started-at="2025-09-22T20:26:02 IST" name="Default test" finished-at="2025-09-22T20:26:32 IST" duration-ms="29594">
      <class name="TestCases.Admin_login_test">
        <test-method is-config="true" signature="setUp()[pri:0, instance:TestCases.Admin_login_test@2d1ef81a]" started-at="2025-09-22T20:26:02 IST" name="setUp" finished-at="2025-09-22T20:26:17 IST" duration-ms="14802" status="PASS">
          <reporter-output>
          </reporter-output>
        </test-method> <!-- setUp -->
        <test-method signature="verifyAdminLogin()[pri:0, instance:TestCases.Admin_login_test@2d1ef81a]" started-at="2025-09-22T20:26:17 IST" name="verifyAdminLogin" finished-at="2025-09-22T20:26:29 IST" duration-ms="12141" status="PASS">
          <reporter-output>
          </reporter-output>
        </test-method> <!-- verifyAdminLogin -->
        <test-method is-config="true" signature="Aftermethod(org.testng.ITestResult)[pri:0, instance:TestCases.Admin_login_test@2d1ef81a]" started-at="2025-09-22T20:26:29 IST" name="Aftermethod" finished-at="2025-09-22T20:26:32 IST" duration-ms="2546" status="PASS">
          <params>
            <param index="0">
              <value>
                <![CDATA[[TestResult name=verifyAdminLogin status=SUCCESS method=Admin_login_test.verifyAdminLogin()[pri:0, instance:TestCases.Admin_login_test@2d1ef81a] output={null}]]]>
              </value>
            </param>
          </params>
          <reporter-output>
          </reporter-output>
        </test-method> <!-- Aftermethod -->
      </class> <!-- TestCases.Admin_login_test -->
    </test> <!-- Default test -->
  </suite> <!-- Default suite -->
</testng-results>
